<?xml version="1.0" encoding="UTF-8"?>
<!-- Generated by org.testng.reporters.JUnitReportReporter -->
<testsuite skipped="0" hostname="sheche-pc" name="com.function.TestHelloWorld" tests="1" failures="0" timestamp="18 Oct 2018 06:33:25 GMT" time="0.006" errors="0">
  <testcase name="testEmailGenerator" time="0.006" classname="com.function.TestHelloWorld"/>
</testsuite> <!-- com.function.TestHelloWorld -->
